<?xml version="1.0" encoding="UTF-8"?>
<!-- Generated by org.testng.reporters.JUnitXMLReporter -->
<testsuite ignored="0" hostname="DESKTOP-V7BHOJO" failures="0" tests="3" name="Default test" time="29.913" errors="0" timestamp="2021-07-29T20:02:23 IST">
  <testcase classname="com.test.functionalities.TC_scenario_001" name="verifyFlightWebsite" time="3.543"/>
  <testcase classname="com.test.functionalities.TC_scenario_001" name="verifychooseFlight" time="1.366"/>
  <testcase classname="com.test.functionalities.TC_scenario_001" name="verifyflightBooking" time="7.799"/>
</testsuite> <!-- Default test -->
