<?xml version="1.0" encoding="UTF-8"?>
<testng-results ignored="0" total="3" passed="3" failed="0" skipped="0">
  <reporter-output>
  </reporter-output>
  <suite started-at="2021-07-29T20:01:53 IST" name="Default suite" finished-at="2021-07-29T20:02:23 IST" duration-ms="29913">
    <groups>
    </groups>
    <test started-at="2021-07-29T20:01:53 IST" name="Default test" finished-at="2021-07-29T20:02:23 IST" duration-ms="29913">
      <class name="com.test.functionalities.TC_scenario_001">
        <test-method is-config="true" signature="setUp()[pri:0, instance:com.test.functionalities.TC_scenario_001@762ef0ea]" started-at="2021-07-29T20:01:53 IST" name="setUp" finished-at="2021-07-29T20:02:00 IST" duration-ms="7222" status="PASS">
          <reporter-output>
          </reporter-output>
        </test-method> <!-- setUp -->
        <test-method is-config="true" signature="startTest()[pri:0, instance:com.test.functionalities.TC_scenario_001@762ef0ea]" started-at="2021-07-29T20:02:05 IST" name="startTest" finished-at="2021-07-29T20:02:05 IST" duration-ms="939" status="PASS">
          <reporter-output>
          </reporter-output>
        </test-method> <!-- startTest -->
        <test-method signature="verifyFlightWebsite(java.lang.String,java.lang.String)[pri:0, instance:com.test.functionalities.TC_scenario_001@762ef0ea]" started-at="2021-07-29T20:02:05 IST" name="verifyFlightWebsite" data-provider="excel-data-TC01" finished-at="2021-07-29T20:02:09 IST" duration-ms="3543" status="PASS">
          <params>
            <param index="0">
              <value>
                <![CDATA[San Diego]]>
              </value>
            </param>
            <param index="1">
              <value>
                <![CDATA[Berlin]]>
              </value>
            </param>
          </params>
          <reporter-output>
          </reporter-output>
        </test-method> <!-- verifyFlightWebsite -->
        <test-method is-config="true" signature="endTest()[pri:0, instance:com.test.functionalities.TC_scenario_001@762ef0ea]" started-at="2021-07-29T20:02:09 IST" name="endTest" finished-at="2021-07-29T20:02:11 IST" duration-ms="1908" status="PASS">
          <reporter-output>
          </reporter-output>
        </test-method> <!-- endTest -->
        <test-method is-config="true" signature="startTest()[pri:0, instance:com.test.functionalities.TC_scenario_001@762ef0ea]" started-at="2021-07-29T20:02:11 IST" name="startTest" finished-at="2021-07-29T20:02:11 IST" duration-ms="3" status="PASS">
          <reporter-output>
          </reporter-output>
        </test-method> <!-- startTest -->
        <test-method signature="verifychooseFlight(java.lang.String)[pri:0, instance:com.test.functionalities.TC_scenario_001@762ef0ea]" started-at="2021-07-29T20:02:11 IST" name="verifychooseFlight" data-provider="excel-data-TC02" finished-at="2021-07-29T20:02:13 IST" depends-on-methods="com.test.functionalities.TC_scenario_001.verifyFlightWebsite" duration-ms="1366" status="PASS">
          <params>
            <param index="0">
              <value>
                <![CDATA[United Airlines]]>
              </value>
            </param>
          </params>
          <reporter-output>
          </reporter-output>
        </test-method> <!-- verifychooseFlight -->
        <test-method is-config="true" signature="endTest()[pri:0, instance:com.test.functionalities.TC_scenario_001@762ef0ea]" started-at="2021-07-29T20:02:13 IST" name="endTest" finished-at="2021-07-29T20:02:13 IST" duration-ms="727" status="PASS">
          <reporter-output>
          </reporter-output>
        </test-method> <!-- endTest -->
        <test-method is-config="true" signature="startTest()[pri:0, instance:com.test.functionalities.TC_scenario_001@762ef0ea]" started-at="2021-07-29T20:02:14 IST" name="startTest" finished-at="2021-07-29T20:02:14 IST" duration-ms="3" status="PASS">
          <reporter-output>
          </reporter-output>
        </test-method> <!-- startTest -->
        <test-method signature="verifyflightBooking(java.lang.String,java.lang.String,java.lang.String,java.lang.String,java.lang.String,java.lang.String,java.lang.String,java.lang.String,java.lang.String,java.lang.String)[pri:0, instance:com.test.functionalities.TC_scenario_001@762ef0ea]" started-at="2021-07-29T20:02:14 IST" name="verifyflightBooking" data-provider="excel-data-TC03" finished-at="2021-07-29T20:02:21 IST" depends-on-methods="com.test.functionalities.TC_scenario_001.verifychooseFlight" duration-ms="7799" status="PASS">
          <params>
            <param index="0">
              <value>
                <![CDATA[Vinod]]>
              </value>
            </param>
            <param index="1">
              <value>
                <![CDATA[kozhi building]]>
              </value>
            </param>
            <param index="2">
              <value>
                <![CDATA[Chennai]]>
              </value>
            </param>
            <param index="3">
              <value>
                <![CDATA[TN]]>
              </value>
            </param>
            <param index="4">
              <value>
                <![CDATA[979029]]>
              </value>
            </param>
            <param index="5">
              <value>
                <![CDATA[Diner's Club]]>
              </value>
            </param>
            <param index="6">
              <value>
                <![CDATA[934869389]]>
              </value>
            </param>
            <param index="7">
              <value>
                <![CDATA[4]]>
              </value>
            </param>
            <param index="8">
              <value>
                <![CDATA[2020]]>
              </value>
            </param>
            <param index="9">
              <value>
                <![CDATA[Vinod Okat]]>
              </value>
            </param>
          </params>
          <reporter-output>
          </reporter-output>
        </test-method> <!-- verifyflightBooking -->
        <test-method is-config="true" signature="endTest()[pri:0, instance:com.test.functionalities.TC_scenario_001@762ef0ea]" started-at="2021-07-29T20:02:21 IST" name="endTest" finished-at="2021-07-29T20:02:22 IST" duration-ms="443" status="PASS">
          <reporter-output>
          </reporter-output>
        </test-method> <!-- endTest -->
        <test-method is-config="true" signature="tearDown()[pri:0, instance:com.test.functionalities.TC_scenario_001@762ef0ea]" started-at="2021-07-29T20:02:22 IST" name="tearDown" finished-at="2021-07-29T20:02:23 IST" duration-ms="812" status="PASS">
          <reporter-output>
          </reporter-output>
        </test-method> <!-- tearDown -->
      </class> <!-- com.test.functionalities.TC_scenario_001 -->
    </test> <!-- Default test -->
  </suite> <!-- Default suite -->
</testng-results>
